   1               		.file	"keymap_common.c"
   2               	__SP_H__ = 0x3e
   3               	__SP_L__ = 0x3d
   4               	__SREG__ = 0x3f
   5               	__tmp_reg__ = 0
   6               	__zero_reg__ = 1
   7               		.text
   8               	.Ltext0:
   9               		.cfi_sections	.debug_frame
  10               		.section	.text.keymap_key_to_keycode,"ax",@progbits
  11               	.global	keymap_key_to_keycode
  13               	keymap_key_to_keycode:
  14               	.LFB4:
  15               		.file 1 "keymap_common.c"
   1:keymap_common.c **** /*
   2:keymap_common.c **** Copyright 2012,2013 Jun Wako <wakojun@gmail.com>
   3:keymap_common.c **** 
   4:keymap_common.c **** This program is free software: you can redistribute it and/or modify
   5:keymap_common.c **** it under the terms of the GNU General Public License as published by
   6:keymap_common.c **** the Free Software Foundation, either version 2 of the License, or
   7:keymap_common.c **** (at your option) any later version.
   8:keymap_common.c **** 
   9:keymap_common.c **** This program is distributed in the hope that it will be useful,
  10:keymap_common.c **** but WITHOUT ANY WARRANTY; without even the implied warranty of
  11:keymap_common.c **** MERCHANTABILITY or FITNESS FOR A PARTICULAR PURPOSE.  See the
  12:keymap_common.c **** GNU General Public License for more details.
  13:keymap_common.c **** 
  14:keymap_common.c **** You should have received a copy of the GNU General Public License
  15:keymap_common.c **** along with this program.  If not, see <http://www.gnu.org/licenses/>.
  16:keymap_common.c **** */
  17:keymap_common.c **** #include <stdint.h>
  18:keymap_common.c **** #include "action.h"
  19:keymap_common.c **** #include <avr/pgmspace.h>
  20:keymap_common.c **** #include "keymap_common.h"
  21:keymap_common.c **** 
  22:keymap_common.c **** 
  23:keymap_common.c **** /* translates key to keycode */
  24:keymap_common.c **** uint8_t keymap_key_to_keycode(uint8_t layer, keypos_t key)
  25:keymap_common.c **** {
  16               		.loc 1 25 0
  17               		.cfi_startproc
  18               	.LVL0:
  19               	/* prologue: function */
  20               	/* frame size = 0 */
  21               	/* stack size = 0 */
  22               	.L__stack_usage = 0
  23               	.LBB2:
  26:keymap_common.c ****     return pgm_read_byte(&keymaps[(layer)][(key.row)][(key.col)]);
  24               		.loc 1 26 0
  25 0000 E72F      		mov r30,r23
  26 0002 F0E0      		ldi r31,0
  27 0004 98E0      		ldi r25,lo8(8)
  28 0006 899F      		mul r24,r25
  29 0008 E00D      		add r30,r0
  30 000a F11D      		adc r31,r1
  31 000c 1124      		clr __zero_reg__
  32 000e 83E0      		ldi r24,3
  33               		1:
  34 0010 EE0F      		lsl r30
  35 0012 FF1F      		rol r31
  36 0014 8A95      		dec r24
  37 0016 01F4      		brne 1b
  38               	.LVL1:
  39 0018 E60F      		add r30,r22
  40 001a F11D      		adc r31,__zero_reg__
  41 001c E050      		subi r30,lo8(-(keymaps))
  42 001e F040      		sbci r31,hi8(-(keymaps))
  43               	/* #APP */
  44               	 ;  26 "keymap_common.c" 1
  45 0020 8491      		lpm r24, Z
  46               		
  47               	 ;  0 "" 2
  48               	.LVL2:
  49               	/* #NOAPP */
  50               	.LBE2:
  27:keymap_common.c **** }
  51               		.loc 1 27 0
  52 0022 0895      		ret
  53               		.cfi_endproc
  54               	.LFE4:
  56               		.section	.text.keymap_fn_to_action,"ax",@progbits
  57               	.global	keymap_fn_to_action
  59               	keymap_fn_to_action:
  60               	.LFB5:
  28:keymap_common.c **** 
  29:keymap_common.c **** /* translates Fn keycode to action */
  30:keymap_common.c **** action_t keymap_fn_to_action(uint8_t keycode)
  31:keymap_common.c **** {
  61               		.loc 1 31 0
  62               		.cfi_startproc
  63               	.LVL3:
  64               	/* prologue: function */
  65               	/* frame size = 0 */
  66               	/* stack size = 0 */
  67               	.L__stack_usage = 0
  68               	.LBB3:
  32:keymap_common.c ****     return (action_t){ .code = pgm_read_word(&fn_actions[FN_INDEX(keycode)]) };
  69               		.loc 1 32 0
  70 0000 E82F      		mov r30,r24
  71 0002 F0E0      		ldi r31,0
  72 0004 EE0F      		lsl r30
  73 0006 FF1F      		rol r31
  74               	.LVL4:
  75 0008 E050      		subi r30,lo8(-(fn_actions-384))
  76 000a F040      		sbci r31,hi8(-(fn_actions-384))
  77               	.LVL5:
  78               	.LBE3:
  33:keymap_common.c **** }
  79               		.loc 1 33 0
  80               	/* #APP */
  81               	 ;  32 "keymap_common.c" 1
  82 000c 8591      		lpm r24, Z+
  83 000e 9491      		lpm r25, Z
  84               		
  85               	 ;  0 "" 2
  86               	/* #NOAPP */
  87 0010 0895      		ret
  88               		.cfi_endproc
  89               	.LFE5:
  91               		.comm	keymap_config,1,1
  92               		.text
  93               	.Letext0:
  94               		.file 2 "/usr/lib/avr/include/stdint.h"
  95               		.file 3 "../../tmk_core/common/keyboard.h"
  96               		.file 4 "../../tmk_core/common/action_code.h"
  97               		.file 5 "../../tmk_core/common/keymap.h"
  98               		.file 6 "keymap_common.h"
  99               		.file 7 "../../tmk_core/common/keycode.h"
DEFINED SYMBOLS
                            *ABS*:0000000000000000 keymap_common.c
     /tmp/ccYsUTaI.s:2      *ABS*:000000000000003e __SP_H__
     /tmp/ccYsUTaI.s:3      *ABS*:000000000000003d __SP_L__
     /tmp/ccYsUTaI.s:4      *ABS*:000000000000003f __SREG__
     /tmp/ccYsUTaI.s:5      *ABS*:0000000000000000 __tmp_reg__
     /tmp/ccYsUTaI.s:6      *ABS*:0000000000000001 __zero_reg__
     /tmp/ccYsUTaI.s:13     .text.keymap_key_to_keycode:0000000000000000 keymap_key_to_keycode
     /tmp/ccYsUTaI.s:59     .text.keymap_fn_to_action:0000000000000000 keymap_fn_to_action
                            *COM*:0000000000000001 keymap_config

UNDEFINED SYMBOLS
keymaps
fn_actions
__do_clear_bss
